#
# There is insufficient memory for the Java Runtime Environment to continue.
# Native memory allocation (mmap) failed to map 1048576 bytes. Error detail: G1 virtual space
# Possible reasons:
#   The system is out of physical RAM or swap space
#   This process is running with CompressedOops enabled, and the Java Heap may be blocking the growth of the native heap
# Possible solutions:
#   Reduce memory load on the system
#   Increase physical memory or swap space
#   Check if swap backing store is full
#   Decrease Java heap size (-Xmx/-Xms)
#   Decrease number of Java threads
#   Decrease Java thread stack sizes (-Xss)
#   Set larger code cache with -XX:ReservedCodeCacheSize=
#   JVM is running with Unscaled Compressed Oops mode in which the Java heap is
#     placed in the first 4GB address space. The Java Heap base address is the
#     maximum limit for the native heap growth. Please use -XX:HeapBaseMinAddress
#     to set the Java Heap base and to place the Java Heap above 4GB virtual address.
# This output file may be truncated or incomplete.
#
#  Out of Memory Error (os_windows.cpp:3564), pid=12920, tid=3640
#
# JRE version:  (24.0.1+9) (build )
# Java VM: Java HotSpot(TM) 64-Bit Server VM (24.0.1+9-30, mixed mode, sharing, tiered, compressed oops, compressed class ptrs, g1 gc, windows-amd64)
# No core dump will be written. Minidumps are not enabled by default on client versions of Windows
#

---------------  S U M M A R Y ------------

Command Line: coolections

Host: Intel(R) Core(TM) i3-5005U CPU @ 2.00GHz, 4 cores, 3G,  Windows 10 , 64 bit Build 19041 (10.0.19041.5915)
Time: Sun Mar 15 23:43:26 2026 Mitteleuropäische Zeit elapsed time: 0.070857 seconds (0d 0h 0m 0s)

---------------  T H R E A D  ---------------

Current thread (0x0000023199671460):  JavaThread "Unknown thread" [_thread_in_vm, id=3640, stack(0x0000007f34200000,0x0000007f34300000) (1024K)]

Stack: [0x0000007f34200000,0x0000007f34300000]
Native frames: (J=compiled Java code, j=interpreted, Vv=VM code, C=native code)
V  [jvm.dll+0x730739]  (no source info available)
V  [jvm.dll+0x8d9b23]  (no source info available)
V  [jvm.dll+0x8dc00d]  (no source info available)
V  [jvm.dll+0x8dc683]  (no source info available)
V  [jvm.dll+0x2aa086]  (no source info available)
V  [jvm.dll+0x72cc65]  (no source info available)
V  [jvm.dll+0x72059a]  (no source info available)
V  [jvm.dll+0x390cea]  (no source info available)
V  [jvm.dll+0x3989f6]  (no source info available)
V  [jvm.dll+0x384f21]  (no source info available)
V  [jvm.dll+0x3855e4]  (no source info available)
V  [jvm.dll+0x384a34]  (no source info available)
V  [jvm.dll+0x35b48f]  (no source info available)
V  [jvm.dll+0x33da3c]  (no source info available)
V  [jvm.dll+0x33dc50]  (no source info available)
V  [jvm.dll+0x6d4353]  (no source info available)
V  [jvm.dll+0x6d3381]  (no source info available)
V  [jvm.dll+0x6ce3d7]  (no source info available)
V  [jvm.dll+0x89d2d6]  (no source info available)
V  [jvm.dll+0x3f985d]  (no source info available)
V  [jvm.dll+0x8858e6]  (no source info available)
V  [jvm.dll+0x495f3e]  (no source info available)
V  [jvm.dll+0x497d11]  (no source info available)
C  [jli.dll+0x52a1]  (no source info available)
C  [ucrtbase.dll+0x21bb2]  (no source info available)
C  [KERNEL32.DLL+0x17374]  (no source info available)
C  [ntdll.dll+0x4cc91]  (no source info available)

Lock stack of current Java thread (top to bottom):


---------------  P R O C E S S  ---------------

Threads class SMR info:
_java_thread_list=0x00007ff96873f318, length=0, elements={
}

Java Threads: ( => current thread )
Total: 0

Other Threads:
  0x000002319b8e6fe0 WorkerThread "GC Thread#0"                     [id=25296, stack(0x0000007f34300000,0x0000007f34400000) (1024K)]
  0x000002319b90fe00 ConcurrentGCThread "G1 Main Marker"            [id=9660, stack(0x0000007f34400000,0x0000007f34500000) (1024K)]
  0x000002319b911fd0 WorkerThread "G1 Conc#0"                       [id=15260, stack(0x0000007f34500000,0x0000007f34600000) (1024K)]
  0x000002319b972940 ConcurrentGCThread "G1 Refine#0"               [id=5896, stack(0x0000007f34600000,0x0000007f34700000) (1024K)]
  0x000002319b9733d0 ConcurrentGCThread "G1 Service"                [id=2336, stack(0x0000007f34700000,0x0000007f34800000) (1024K)]

=>0x0000023199671460 (exited) JavaThread "Unknown thread"    [_thread_in_vm, id=3640, stack(0x0000007f34200000,0x0000007f34300000) (1024K)]
Total: 6

Threads with active compile tasks:
Total: 0

VM state: not at safepoint (not fully initialized)

VM Mutex/Monitor currently owned by a thread:  ([mutex/lock_event])
[0x00007ff9687c45b0] Heap_lock - owner thread: 0x0000023199671460

Heap address: 0x00000000c1600000, size: 1002 MB, Compressed Oops mode: 32-bit

CDS archive(s) mapped at: [0x0000000000000000-0x0000000000000000-0x0000000000000000), size 0, SharedBaseAddress: 0x00000231b7000000, ArchiveRelocationMode: 1.
Compressed class space mapped at: 0x00000231b8000000-0x00000231f8000000, reserved size: 1073741824
UseCompressedClassPointers 1, UseCompactObjectHeaders 0
Narrow klass pointer bits 32, Max shift 3
Narrow klass base: 0x00000231b7000000, Narrow klass shift: 0
Encoding Range: [0x00000231b7000000 - 0x00000232b7000000), (4294967296 bytes)
Klass Range:    [0x00000231b7000000 - 0x00000231f8000000), (1090519040 bytes)
Klass ID Range:  [8 - 1090519033) (1090519025)

GC Precious Log:
 CardTable entry size: 512
 Card Set container configuration: InlinePtr #cards 5 size 8 Array Of Cards #cards 10 size 36 Howl #buckets 4 coarsen threshold 1843 Howl Bitmap #cards 512 size 80 coarsen threshold 460 Card regions per heap region 1 cards per card region 2048
 CPUs: 4 total, 4 available
 Memory: 4006M
 Large Page Support: Disabled
 NUMA Support: Disabled
 Compressed Oops: Enabled (32-bit)
 Heap Region Size: 1M
 Heap Min Capacity: 8M
 Heap Initial Capacity: 64M
 Heap Max Capacity: 1002M
 Pre-touch: Disabled
 Parallel Workers: 4
 Concurrent Workers: 1
 Concurrent Refinement Workers: 4
 Periodic GC: Disabled

Heap:
 garbage-first heap   total reserved 1026048K, committed 66560K, used 0K [0x00000000c1600000, 0x0000000100000000)
  region size 1024K, 0 young (0K), 0 survivors (0K)

[error occurred during error reporting (printing heap information), id 0xc0000005, EXCEPTION_ACCESS_VIOLATION (0xc0000005) at pc=0x00007ff96828e3e9]
GC Heap History (0 events):
No events

Dll operation events (1 events):
Event: 0.025 Loaded shared library C:\Program Files\Java\jdk-24\bin\java.dll

Deoptimization events (0 events):
No events

Classes loaded (0 events):
No events

Classes unloaded (0 events):
No events

Classes redefined (0 events):
No events

Internal exceptions (0 events):
No events

VM Operations (0 events):
No events

Memory protections (0 events):
No events

Nmethod flushes (0 events):
No events

Events (0 events):
No events


Dynamic libraries:
0x00007ff6db100000 - 0x00007ff6db110000 	C:\Program Files\Java\jdk-24\bin\java.exe
0x00007ff9ff490000 - 0x00007ff9ff688000 	C:\Windows\SYSTEM32\ntdll.dll
0x00007ff9feee0000 - 0x00007ff9fefa2000 	C:\Windows\System32\KERNEL32.DLL
0x00007ff9fcfc0000 - 0x00007ff9fd2b6000 	C:\Windows\System32\KERNELBASE.dll
0x00007ff9fcda0000 - 0x00007ff9fcea0000 	C:\Windows\System32\ucrtbase.dll
0x00007ff9e8800000 - 0x00007ff9e8816000 	C:\Program Files\Java\jdk-24\bin\jli.dll
0x00007ff9e8590000 - 0x00007ff9e85ab000 	C:\Program Files\Java\jdk-24\bin\VCRUNTIME140.dll
0x00007ff9fe070000 - 0x00007ff9fe211000 	C:\Windows\System32\USER32.dll
0x00007ff9fd2c0000 - 0x00007ff9fd2e2000 	C:\Windows\System32\win32u.dll
0x00007ff9ff420000 - 0x00007ff9ff44b000 	C:\Windows\System32\GDI32.dll
0x00007ff9ecb30000 - 0x00007ff9ecdcb000 	C:\Windows\WinSxS\amd64_microsoft.windows.common-controls_6595b64144ccf1df_6.0.19041.6456_none_60b8a6cb71f64256\COMCTL32.dll
0x00007ff9fcc80000 - 0x00007ff9fcd99000 	C:\Windows\System32\gdi32full.dll
0x00007ff9fd510000 - 0x00007ff9fd5ae000 	C:\Windows\System32\msvcrt.dll
0x00007ff9fcea0000 - 0x00007ff9fcf3d000 	C:\Windows\System32\msvcp_win.dll
0x00007ff9fd4b0000 - 0x00007ff9fd4df000 	C:\Windows\System32\IMM32.DLL
0x00007ff9f5f40000 - 0x00007ff9f5f4c000 	C:\Program Files\Java\jdk-24\bin\vcruntime140_1.dll
0x00007ff9d7140000 - 0x00007ff9d71ce000 	C:\Program Files\Java\jdk-24\bin\msvcp140.dll
0x00007ff967b00000 - 0x00007ff9688a2000 	C:\Program Files\Java\jdk-24\bin\server\jvm.dll
0x00007ff9fed40000 - 0x00007ff9fedf1000 	C:\Windows\System32\ADVAPI32.dll
0x00007ff9fde40000 - 0x00007ff9fdedf000 	C:\Windows\System32\sechost.dll
0x00007ff9fd5b0000 - 0x00007ff9fd6d0000 	C:\Windows\System32\RPCRT4.dll
0x00007ff9fcf40000 - 0x00007ff9fcf67000 	C:\Windows\System32\bcrypt.dll
0x00007ff9fe920000 - 0x00007ff9fe98b000 	C:\Windows\System32\WS2_32.dll
0x00007ff9fc980000 - 0x00007ff9fc9cb000 	C:\Windows\SYSTEM32\POWRPROF.dll
0x00007ff9ec130000 - 0x00007ff9ec13a000 	C:\Windows\SYSTEM32\VERSION.dll
0x00007ff9eb790000 - 0x00007ff9eb7b7000 	C:\Windows\SYSTEM32\WINMM.dll
0x00007ff9fc960000 - 0x00007ff9fc972000 	C:\Windows\SYSTEM32\UMPDC.dll
0x00007ff9fa950000 - 0x00007ff9fa962000 	C:\Windows\SYSTEM32\kernel.appcore.dll
0x00007ff9f5d80000 - 0x00007ff9f5d8a000 	C:\Program Files\Java\jdk-24\bin\jimage.dll
0x00007ff9e8190000 - 0x00007ff9e8391000 	C:\Windows\SYSTEM32\DBGHELP.DLL
0x00007ff9e7d60000 - 0x00007ff9e7d94000 	C:\Windows\SYSTEM32\dbgcore.DLL
0x00007ff9fd3a0000 - 0x00007ff9fd422000 	C:\Windows\System32\bcryptPrimitives.dll
0x00007ff9e8140000 - 0x00007ff9e815e000 	C:\Program Files\Java\jdk-24\bin\java.dll
0x00007ff9fdf40000 - 0x00007ff9fe06b000 	C:\Windows\System32\ole32.dll
0x00007ff9ff060000 - 0x00007ff9ff3b4000 	C:\Windows\System32\combase.dll
0x00007ff9fd6d0000 - 0x00007ff9fde40000 	C:\Windows\System32\SHELL32.dll

JVMTI agents: none

dbghelp: loaded successfully - version: 4.0.5 - missing functions: none
symbol engine: initialized successfully - sym options: 0x614 - pdb path: .;C:\Program Files\Java\jdk-24\bin;C:\Windows\SYSTEM32;C:\Windows\WinSxS\amd64_microsoft.windows.common-controls_6595b64144ccf1df_6.0.19041.6456_none_60b8a6cb71f64256;C:\Program Files\Java\jdk-24\bin\server

VM Arguments:
java_command: coolections
java_class_path (initial): .
Launcher Type: SUN_STANDARD

[Global flags]
     intx CICompilerCount                          = 3                                         {product} {ergonomic}
     uint ConcGCThreads                            = 1                                         {product} {ergonomic}
     uint G1ConcRefinementThreads                  = 4                                         {product} {ergonomic}
   size_t G1HeapRegionSize                         = 1048576                                   {product} {ergonomic}
   size_t InitialHeapSize                          = 67108864                                  {product} {ergonomic}
   size_t MarkStackSize                            = 4194304                                   {product} {ergonomic}
   size_t MarkStackSizeMax                         = 536870912                                 {product} {ergonomic}
   size_t MaxHeapSize                              = 1050673152                                {product} {ergonomic}
   size_t MaxNewSize                               = 630194176                                 {product} {ergonomic}
   size_t MinHeapDeltaBytes                        = 1048576                                   {product} {ergonomic}
   size_t MinHeapSize                              = 8388608                                   {product} {ergonomic}
    uintx NonNMethodCodeHeapSize                   = 5832704                                {pd product} {ergonomic}
    uintx NonProfiledCodeHeapSize                  = 122945536                              {pd product} {ergonomic}
    uintx ProfiledCodeHeapSize                     = 122880000                              {pd product} {ergonomic}
    uintx ReservedCodeCacheSize                    = 251658240                              {pd product} {ergonomic}
     bool SegmentedCodeCache                       = true                                      {product} {ergonomic}
   size_t SoftMaxHeapSize                          = 1050673152                             {manageable} {ergonomic}
     bool UseCompressedOops                        = true                           {product lp64_product} {ergonomic}
     bool UseG1GC                                  = true                                      {product} {ergonomic}
     bool UseLargePagesIndividualAllocation        = false                                  {pd product} {ergonomic}

Logging:
Log output configuration:
 #0: stdout all=warning uptime,level,tags foldmultilines=false
 #1: stderr all=off uptime,level,tags foldmultilines=false

Environment Variables:
PATH=C:\Users\Patrick\AppData\Local\Programs\Python\Python313\Scripts\;C:\Users\Patrick\AppData\Local\Programs\Python\Python313\;C:\Program Files\Common Files\Oracle\Java\javapath;C:\Program Files (x86)\Intel\iCLS Client\;C:\Program Files\Intel\iCLS Client\;C:\Windows\system32;C:\Windows;C:\Windows\System32\Wbem;C:\Windows\System32\WindowsPowerShell\v1.0\;C:\Windows\System32\OpenSSH\;C:\Program Files\dotnet\;C:\Program Files (x86)\Intel\Intel(R) Management Engine Components\DAL;C:\Program Files\Intel\Intel(R) Management Engine Components\DAL;C:\Program Files (x86)\Intel\Intel(R) Management Engine Components\IPT;C:\Program Files\Intel\Intel(R) Management Engine Components\IPT;C:\Program Files\Intel\WiFi\bin\;C:\Program Files\Common Files\Intel\WirelessCommon\;C:\Program Files\Microsoft SQL Server\150\Tools\Binn\;C:\Program Files\Microsoft SQL Server\Client SDK\ODBC\170\Tools\Binn\;C:\Program Files\nodejs\;C:\ProgramData\chocolatey\bin;C:\Users\Patrick\AppData\Local\Programs\Python\Launcher\;C:\msys64\ucrt64\bin;C:\Program Files\Intel\WiFi\bin\;C:\Program Files\Common Files\Intel\WirelessCommon\;C:\Users\Patrick\.dotnet\tools;C:\Users\Patrick\AppData\Local\Programs\Microsoft VS Code\bin;C:\msys64\ucrt64\bin;C:\Program Files\JetBrains\IntelliJ IDEA Community Edition 2025.1.2\bin;;C:\Users\Patrick\AppData\Roaming\npm;C:\Users\Patrick\AppData\Local\GitHubDesktop\bin;c:\Users\Patrick\.vscode\extensions\vscjava.vscode-java-debug-0.58.5\bundled\scripts\noConfigScripts
USERNAME=Patrick
LANG=en_US.UTF-8
OS=Windows_NT
PROCESSOR_IDENTIFIER=Intel64 Family 6 Model 61 Stepping 4, GenuineIntel
TMP=C:\Users\Patrick\AppData\Local\Temp
TEMP=C:\Users\Patrick\AppData\Local\Temp




Periodic native trim disabled

---------------  S Y S T E M  ---------------

OS:
 Windows 10 , 64 bit Build 19041 (10.0.19041.5915)
OS uptime: 14 days 9:33 hours
Hyper-V role detected

CPU: total 4 (initial active 4) (2 cores per cpu, 2 threads per core) family 6 model 61 stepping 4 microcode 0x2e, cx8, cmov, fxsr, ht, mmx, 3dnowpref, sse, sse2, sse3, ssse3, sse4.1, sse4.2, popcnt, lzcnt, tsc, tscinvbit, avx, avx2, aes, erms, clmul, bmi1, bmi2, adx, fma, vzeroupper, clflush, hv, rdtscp, f16c
Processor Information for the first 4 processors :
  Max Mhz: 2000, Current Mhz: 2000, Mhz Limit: 2000

Memory: 4k page, system-wide physical 4006M (285M free)
TotalPageFile size 16294M (AvailPageFile size 10M)
current process WorkingSet (physical memory assigned to process): 26M, peak: 26M
current process commit charge ("private bytes"): 132M, peak: 133M

vm_info: Java HotSpot(TM) 64-Bit Server VM (24.0.1+9-30) for windows-amd64 JRE (24.0.1+9-30), built on 2025-03-05T07:23:45Z with MS VC++ 17.6 (VS2022)

END.
