#
# There is insufficient memory for the Java Runtime Environment to continue.
# Native memory allocation (malloc) failed to allocate 1330384 bytes. Error detail: Chunk::new
# Possible reasons:
#   The system is out of physical RAM or swap space
#   This process is running with CompressedOops enabled, and the Java Heap may be blocking the growth of the native heap
# Possible solutions:
#   Reduce memory load on the system
#   Increase physical memory or swap space
#   Check if swap backing store is full
#   Decrease Java heap size (-Xmx/-Xms)
#   Decrease number of Java threads
#   Decrease Java thread stack sizes (-Xss)
#   Set larger code cache with -XX:ReservedCodeCacheSize=
#   JVM is running with Unscaled Compressed Oops mode in which the Java heap is
#     placed in the first 4GB address space. The Java Heap base address is the
#     maximum limit for the native heap growth. Please use -XX:HeapBaseMinAddress
#     to set the Java Heap base and to place the Java Heap above 4GB virtual address.
# This output file may be truncated or incomplete.
#
#  Out of Memory Error (arena.cpp:162), pid=11940, tid=22252
#
# JRE version: Java(TM) SE Runtime Environment (24.0.1+9) (build 24.0.1+9-30)
# Java VM: Java HotSpot(TM) 64-Bit Server VM (24.0.1+9-30, mixed mode, tiered, compressed oops, compressed class ptrs, g1 gc, windows-amd64)
# No core dump will be written. Minidumps are not enabled by default on client versions of Windows
#

---------------  S U M M A R Y ------------

Command Line: -Dapplication.home=C:\Program Files\Java\jdk-24 --add-modules=ALL-DEFAULT -Xms8m -Djdk.module.main=jdk.compiler jdk.compiler/com.sun.tools.javac.Main Main09.java

Host: Intel(R) Core(TM) i3-5005U CPU @ 2.00GHz, 4 cores, 3G,  Windows 10 , 64 bit Build 19041 (10.0.19041.5915)
Time: Wed Sep 10 10:58:55 2025 Mitteleuropäische Sommerzeit elapsed time: 1.710389 seconds (0d 0h 0m 1s)

---------------  T H R E A D  ---------------

Current thread (0x0000014fbdd90f20):  JavaThread "C2 CompilerThread0" daemon [_thread_in_native, id=22252, stack(0x0000003c73a00000,0x0000003c73b00000) (1024K)]


Current CompileTask:
C2:1710  496       4       java.lang.StringLatin1::replace (197 bytes)

Stack: [0x0000003c73a00000,0x0000003c73b00000]
Native frames: (J=compiled Java code, j=interpreted, Vv=VM code, C=native code)
V  [jvm.dll+0x730739]  (no source info available)
V  [jvm.dll+0x8d9b23]  (no source info available)
V  [jvm.dll+0x8dc00d]  (no source info available)
V  [jvm.dll+0x8dc683]  (no source info available)
V  [jvm.dll+0x2aa086]  (no source info available)
V  [jvm.dll+0xcedef]  (no source info available)
V  [jvm.dll+0xcf04f]  (no source info available)
V  [jvm.dll+0x154d83]  (no source info available)
V  [jvm.dll+0x735f5f]  (no source info available)
V  [jvm.dll+0x26fa1c]  (no source info available)
V  [jvm.dll+0x26ea3f]  (no source info available)
V  [jvm.dll+0x1e9d60]  (no source info available)
V  [jvm.dll+0x27e1fb]  (no source info available)
V  [jvm.dll+0x27c49a]  (no source info available)
V  [jvm.dll+0x42f456]  (no source info available)
V  [jvm.dll+0x87d76b]  (no source info available)
V  [jvm.dll+0x72ee55]  (no source info available)
C  [ucrtbase.dll+0x21bb2]  (no source info available)
C  [KERNEL32.DLL+0x17374]  (no source info available)
C  [ntdll.dll+0x4cc91]  (no source info available)

Lock stack of current Java thread (top to bottom):


---------------  P R O C E S S  ---------------

Threads class SMR info:
_java_thread_list=0x0000014fc22caee0, length=11, elements={
0x0000014fa0aae6b0, 0x0000014fbdd6c4a0, 0x0000014fbdd82210, 0x0000014fbdd949f0,
0x0000014fbdd95cc0, 0x0000014fbdd8d640, 0x0000014fbdd8e170, 0x0000014fbdd90f20,
0x0000014fbdd91aa0, 0x0000014fc2184f50, 0x0000014fc22d2d80
}

Java Threads: ( => current thread )
  0x0000014fa0aae6b0 JavaThread "main"                              [_thread_in_vm, id=20360, stack(0x0000003c72c00000,0x0000003c72d00000) (1024K)]
  0x0000014fbdd6c4a0 JavaThread "Reference Handler"          daemon [_thread_blocked, id=27260, stack(0x0000003c73400000,0x0000003c73500000) (1024K)]
  0x0000014fbdd82210 JavaThread "Finalizer"                  daemon [_thread_blocked, id=50016, stack(0x0000003c73500000,0x0000003c73600000) (1024K)]
  0x0000014fbdd949f0 JavaThread "Signal Dispatcher"          daemon [_thread_blocked, id=26424, stack(0x0000003c73600000,0x0000003c73700000) (1024K)]
  0x0000014fbdd95cc0 JavaThread "Attach Listener"            daemon [_thread_blocked, id=35284, stack(0x0000003c73700000,0x0000003c73800000) (1024K)]
  0x0000014fbdd8d640 JavaThread "Service Thread"             daemon [_thread_blocked, id=36440, stack(0x0000003c73800000,0x0000003c73900000) (1024K)]
  0x0000014fbdd8e170 JavaThread "Monitor Deflation Thread"   daemon [_thread_blocked, id=37376, stack(0x0000003c73900000,0x0000003c73a00000) (1024K)]
=>0x0000014fbdd90f20 JavaThread "C2 CompilerThread0"         daemon [_thread_in_native, id=22252, stack(0x0000003c73a00000,0x0000003c73b00000) (1024K)]
  0x0000014fbdd91aa0 JavaThread "C1 CompilerThread0"         daemon [_thread_blocked, id=32600, stack(0x0000003c73b00000,0x0000003c73c00000) (1024K)]
  0x0000014fc2184f50 JavaThread "Notification Thread"        daemon [_thread_blocked, id=24856, stack(0x0000003c73c00000,0x0000003c73d00000) (1024K)]
  0x0000014fc22d2d80 JavaThread "Common-Cleaner"             daemon [_thread_blocked, id=52448, stack(0x0000003c73d00000,0x0000003c73e00000) (1024K)]
Total: 11

Other Threads:
  0x0000014fbdd3e0f0 VMThread "VM Thread"                           [id=18832, stack(0x0000003c73300000,0x0000003c73400000) (1024K)]
  0x0000014fa0cf12a0 WatcherThread "VM Periodic Task Thread"        [id=29316, stack(0x0000003c73200000,0x0000003c73300000) (1024K)]
  0x0000014fa0c77120 WorkerThread "GC Thread#0"                     [id=3592, stack(0x0000003c72d00000,0x0000003c72e00000) (1024K)]
  0x0000014fc2648380 WorkerThread "GC Thread#1"                     [id=24264, stack(0x0000003c73e00000,0x0000003c73f00000) (1024K)]
  0x0000014fc2648730 WorkerThread "GC Thread#2"                     [id=16528, stack(0x0000003c73f00000,0x0000003c74000000) (1024K)]
  0x0000014fc291d320 WorkerThread "GC Thread#3"                     [id=53144, stack(0x0000003c74000000,0x0000003c74100000) (1024K)]
  0x0000014fa0c82720 ConcurrentGCThread "G1 Main Marker"            [id=26320, stack(0x0000003c72e00000,0x0000003c72f00000) (1024K)]
  0x0000014fa0c84240 WorkerThread "G1 Conc#0"                       [id=34896, stack(0x0000003c72f00000,0x0000003c73000000) (1024K)]
  0x0000014fa0ca3f90 ConcurrentGCThread "G1 Refine#0"               [id=6740, stack(0x0000003c73000000,0x0000003c73100000) (1024K)]
  0x0000014fa0ca4b10 ConcurrentGCThread "G1 Service"                [id=25648, stack(0x0000003c73100000,0x0000003c73200000) (1024K)]
Total: 10

Threads with active compile tasks:
C2 CompilerThread0  2264  496       4       java.lang.StringLatin1::replace (197 bytes)
Total: 1

VM state: not at safepoint (normal execution)

VM Mutex/Monitor currently owned by a thread:  ([mutex/lock_event])
[0x00007ff83c2d24b0] Metaspace_lock - owner thread: 0x0000014fa0aae6b0

Heap address: 0x00000000c1600000, size: 1002 MB, Compressed Oops mode: 32-bit

CDS archive(s) not mapped
Compressed class space mapped at: 0x0000000010000000-0x0000000050000000, reserved size: 1073741824
UseCompressedClassPointers 1, UseCompactObjectHeaders 0
Narrow klass pointer bits 32, Max shift 3
Narrow klass base: 0x0000000000000000, Narrow klass shift: 0
Encoding Range: [0x0000000000000000 - 0x0000000100000000), (4294967296 bytes)
Klass Range:    [0x0000000010000000 - 0x0000000050000000), (1073741824 bytes)
Klass ID Range:  [268435456 - 1342177273) (1073741817)

GC Precious Log:
 CardTable entry size: 512
 Card Set container configuration: InlinePtr #cards 5 size 8 Array Of Cards #cards 10 size 36 Howl #buckets 4 coarsen threshold 1843 Howl Bitmap #cards 512 size 80 coarsen threshold 460 Card regions per heap region 1 cards per card region 2048
 CPUs: 4 total, 4 available
 Memory: 4006M
 Large Page Support: Disabled
 NUMA Support: Disabled
 Compressed Oops: Enabled (32-bit)
 Heap Region Size: 1M
 Heap Min Capacity: 8M
 Heap Initial Capacity: 8M
 Heap Max Capacity: 1002M
 Pre-touch: Disabled
 Parallel Workers: 4
 Concurrent Workers: 1
 Concurrent Refinement Workers: 4
 Periodic GC: Disabled

Heap:
 garbage-first heap   total reserved 1026048K, committed 8192K, used 1360K [0x00000000c1600000, 0x0000000100000000)
  region size 1024K, 2 young (2048K), 1 survivors (1024K)
 Metaspace       used 10862K, committed 11008K, reserved 1114112K
  class space    used 876K, committed 960K, reserved 1048576K

Heap Regions: E=young(eden), S=young(survivor), O=old, HS=humongous(starts), HC=humongous(continues), CS=collection set, F=free, TAMS=top-at-mark-start, PB=parsable bottom
|   0|0x00000000c1600000, 0x00000000c1654000, 0x00000000c1700000| 32%| O|  |TAMS 0x00000000c1600000| PB 0x00000000c1600000| Untracked |  0
|   1|0x00000000c1700000, 0x00000000c1700000, 0x00000000c1800000|  0%| F|  |TAMS 0x00000000c1700000| PB 0x00000000c1700000| Untracked |  0
|   2|0x00000000c1800000, 0x00000000c1800000, 0x00000000c1900000|  0%| F|  |TAMS 0x00000000c1800000| PB 0x00000000c1800000| Untracked |  0
|   3|0x00000000c1900000, 0x00000000c1a00000, 0x00000000c1a00000|100%| S|CS|TAMS 0x00000000c1900000| PB 0x00000000c1900000| Complete |  0
|   4|0x00000000c1a00000, 0x00000000c1a00000, 0x00000000c1b00000|  0%| F|  |TAMS 0x00000000c1a00000| PB 0x00000000c1a00000| Untracked |  0
|   5|0x00000000c1b00000, 0x00000000c1b00000, 0x00000000c1c00000|  0%| F|  |TAMS 0x00000000c1b00000| PB 0x00000000c1b00000| Untracked |  0
|   6|0x00000000c1c00000, 0x00000000c1c00000, 0x00000000c1d00000|  0%| F|  |TAMS 0x00000000c1c00000| PB 0x00000000c1c00000| Untracked |  0
|   7|0x00000000c1d00000, 0x00000000c1d5fa88, 0x00000000c1e00000| 37%| E|  |TAMS 0x00000000c1d00000| PB 0x00000000c1d00000| Complete |  0

Card table byte_map: [0x0000014fba630000,0x0000014fba830000] _byte_map_base: 0x0000014fba025000

Marking Bits: (CMBitMap*) 0x0000014fa0c77830
 Bits: [0x0000014fba830000, 0x0000014fbb7d8000)

Polling page: 0x0000014faade0000

Metaspace:

Usage:
  Non-class:      9.75 MB used.
      Class:    876.27 KB used.
       Both:     10.61 MB used.

Virtual space:
  Non-class space:       64.00 MB reserved,       9.81 MB ( 15%) committed,  1 nodes.
      Class space:        1.00 GB reserved,     960.00 KB ( <1%) committed,  1 nodes.
             Both:        1.06 GB reserved,      10.75 MB ( <1%) committed. 

Chunk freelists:
   Non-Class:  5.22 MB
       Class:  14.95 MB
        Both:  20.17 MB

MaxMetaspaceSize: unlimited
CompressedClassSpaceSize: 1.00 GB
Initial GC threshold: 21.00 MB
Current GC threshold: 21.00 MB
CDS: off
 - commit_granule_bytes: 65536.
 - commit_granule_words: 8192.
 - virtual_space_node_default_size: 8388608.
 - enlarge_chunks_in_place: 1.
UseCompressedClassPointers 1, UseCompactObjectHeaders 0
Narrow klass pointer bits 32, Max shift 3
Narrow klass base: 0x0000000000000000, Narrow klass shift: 0
Encoding Range: [0x0000000000000000 - 0x0000000100000000), (4294967296 bytes)
Klass Range:    [0x0000000010000000 - 0x0000000050000000), (1073741824 bytes)
Klass ID Range:  [268435456 - 1342177273) (1073741817)


Internal statistics:

num_allocs_failed_limit: 0.
num_arena_births: 30.
num_arena_deaths: 0.
num_vsnodes_births: 2.
num_vsnodes_deaths: 0.
num_space_committed: 172.
num_space_uncommitted: 0.
num_chunks_returned_to_freelist: 0.
num_chunks_taken_from_freelist: 177.
num_chunk_merges: 0.
num_chunk_splits: 120.
num_chunks_enlarged: 86.
num_inconsistent_stats: 0.

CodeHeap 'non-profiled nmethods': size=120064Kb used=150Kb max_used=150Kb free=119913Kb
 bounds [0x0000014fb28c0000, 0x0000014fb2b30000, 0x0000014fb9e00000]
CodeHeap 'profiled nmethods': size=120000Kb used=657Kb max_used=657Kb free=119342Kb
 bounds [0x0000014faae00000, 0x0000014fab070000, 0x0000014fb2330000]
CodeHeap 'non-nmethods': size=5696Kb used=1229Kb max_used=1231Kb free=4466Kb
 bounds [0x0000014fb2330000, 0x0000014fb25a0000, 0x0000014fb28c0000]
CodeCache: size=245760Kb, used=2036Kb, max_used=2038Kb, free=243721Kb
 total_blobs=919, nmethods=529, adapters=295, full_count=0
Compilation: enabled, stopped_count=0, restarted_count=0

Compilation events (20 events):
Event: 1.560 Thread 0x0000014fbdd91aa0  492       3       java.lang.invoke.MethodTypeForm::canonicalizeAll (63 bytes)
Event: 1.561 Thread 0x0000014fbdd91aa0 nmethod 492 0x0000014faae92588 code [0x0000014faae926e0, 0x0000014faae92c68]
Event: 1.561 Thread 0x0000014fbdd91aa0  491       3       java.lang.invoke.LambdaForm::uncustomize (57 bytes)
Event: 1.562 Thread 0x0000014fbdd91aa0 nmethod 491 0x0000014faae92c88 code [0x0000014faae92dc0, 0x0000014faae93090]
Event: 1.563 Thread 0x0000014fbdd91aa0  493       3       jdk.internal.loader.BuiltinClassLoader::moduleReaderFor (45 bytes)
Event: 1.564 Thread 0x0000014fbdd91aa0 nmethod 493 0x0000014faae93108 code [0x0000014faae93260, 0x0000014faae93840]
Event: 1.573 Thread 0x0000014fbdd91aa0  494       3       java.security.CodeSource::<init> (52 bytes)
Event: 1.574 Thread 0x0000014fbdd91aa0 nmethod 494 0x0000014faae93888 code [0x0000014faae939e0, 0x0000014faae93eb0]
Event: 1.574 Thread 0x0000014fbdd91aa0  495       3       java.security.SecureClassLoader::defineClass (12 bytes)
Event: 1.575 Thread 0x0000014fbdd91aa0 nmethod 495 0x0000014faae93f08 code [0x0000014faae94040, 0x0000014faae94248]
Event: 1.612 Thread 0x0000014fbdd90f20  496       4       java.lang.StringLatin1::replace (197 bytes)
Event: 1.635 Thread 0x0000014fbdd91aa0  498       3       java.lang.invoke.MethodHandles$Lookup::lookupClassOrNull (17 bytes)
Event: 1.635 Thread 0x0000014fbdd91aa0 nmethod 498 0x0000014faae94288 code [0x0000014faae943a0, 0x0000014faae94520]
Event: 1.636 Thread 0x0000014fbdd91aa0  499       3       jdk.internal.classfile.impl.SplitConstantPool::classEntry (68 bytes)
Event: 1.638 Thread 0x0000014fbdd91aa0 nmethod 499 0x0000014faae94588 code [0x0000014faae947c0, 0x0000014faae95610]
Event: 1.638 Thread 0x0000014fbdd91aa0  501       3       jdk.internal.classfile.impl.AbstractPoolEntry$Utf8EntryImpl::stringValue (5 bytes)
Event: 1.638 Thread 0x0000014fbdd91aa0 nmethod 501 0x0000014faae95688 code [0x0000014faae957a0, 0x0000014faae95950]
Event: 1.638 Thread 0x0000014fbdd91aa0  502       3       jdk.internal.classfile.impl.AbstractPoolEntry$Utf8EntryImpl::toString (88 bytes)
Event: 1.639 Thread 0x0000014fbdd91aa0 nmethod 502 0x0000014faae95988 code [0x0000014faae95ae0, 0x0000014faae95f00]
Event: 1.639 Thread 0x0000014fbdd91aa0  500       3       jdk.internal.classfile.impl.SplitConstantPool::classEntryForClassOrInterface (111 bytes)

GC Heap History (2 events):
Event: 1.564 GC heap before
{Heap before GC invocations=0 (full 0):
 garbage-first heap   total reserved 1026048K, committed 8192K, used 4096K [0x00000000c1600000, 0x0000000100000000)
  region size 1024K, 4 young (4096K), 0 survivors (0K)
 Metaspace       used 9943K, committed 10112K, reserved 1114112K
  class space    used 780K, committed 896K, reserved 1048576K
}
Event: 1.573 GC heap after
{Heap after GC invocations=1 (full 0):
 garbage-first heap   total reserved 1026048K, committed 8192K, used 1360K [0x00000000c1600000, 0x0000000100000000)
  region size 1024K, 1 young (1024K), 1 survivors (1024K)
 Metaspace       used 9943K, committed 10112K, reserved 1114112K
  class space    used 780K, committed 896K, reserved 1048576K
}

Dll operation events (5 events):
Event: 0.110 Loaded shared library C:\Program Files\Java\jdk-24\bin\java.dll
Event: 0.640 Loaded shared library C:\Program Files\Java\jdk-24\bin\jsvml.dll
Event: 0.984 Loaded shared library C:\Program Files\Java\jdk-24\bin\jimage.dll
Event: 1.354 Loaded shared library C:\Program Files\Java\jdk-24\bin\net.dll
Event: 1.363 Loaded shared library C:\Program Files\Java\jdk-24\bin\nio.dll

Deoptimization events (16 events):
Event: 1.316 Thread 0x0000014fa0aae6b0 Uncommon trap: trap_request=0xffffffc6 fr.pc=0x0000014fb28d0268 relative=0x00000000000008a8
Event: 1.317 Thread 0x0000014fa0aae6b0 Uncommon trap: reason=bimorphic_or_optimized_type_check action=maybe_recompile pc=0x0000014fb28d0268 method=java.util.HashMap.putVal(ILjava/lang/Object;Ljava/lang/Object;ZZ)Ljava/lang/Object; @ 56 c2
Event: 1.318 Thread 0x0000014fa0aae6b0 DEOPT PACKING pc=0x0000014fb28d0268 sp=0x0000003c72cfe4d0
Event: 1.318 Thread 0x0000014fa0aae6b0 DEOPT UNPACKING pc=0x0000014fb2444002 sp=0x0000003c72cfe438 mode 2
Event: 1.318 Thread 0x0000014fa0aae6b0 Uncommon trap: trap_request=0xffffffc6 fr.pc=0x0000014fb28d0268 relative=0x00000000000008a8
Event: 1.318 Thread 0x0000014fa0aae6b0 Uncommon trap: reason=bimorphic_or_optimized_type_check action=maybe_recompile pc=0x0000014fb28d0268 method=java.util.HashMap.putVal(ILjava/lang/Object;Ljava/lang/Object;ZZ)Ljava/lang/Object; @ 56 c2
Event: 1.318 Thread 0x0000014fa0aae6b0 DEOPT PACKING pc=0x0000014fb28d0268 sp=0x0000003c72cfe4d0
Event: 1.318 Thread 0x0000014fa0aae6b0 DEOPT UNPACKING pc=0x0000014fb2444002 sp=0x0000003c72cfe438 mode 2
Event: 1.318 Thread 0x0000014fa0aae6b0 Uncommon trap: trap_request=0xffffffc6 fr.pc=0x0000014fb28d02b4 relative=0x00000000000008f4
Event: 1.318 Thread 0x0000014fa0aae6b0 Uncommon trap: reason=bimorphic_or_optimized_type_check action=maybe_recompile pc=0x0000014fb28d02b4 method=java.util.HashMap.putVal(ILjava/lang/Object;Ljava/lang/Object;ZZ)Ljava/lang/Object; @ 152 c2
Event: 1.318 Thread 0x0000014fa0aae6b0 DEOPT PACKING pc=0x0000014fb28d02b4 sp=0x0000003c72cfe4d0
Event: 1.318 Thread 0x0000014fa0aae6b0 DEOPT UNPACKING pc=0x0000014fb2444002 sp=0x0000003c72cfe440 mode 2
Event: 1.319 Thread 0x0000014fa0aae6b0 Uncommon trap: trap_request=0xffffffc6 fr.pc=0x0000014fb28d0268 relative=0x00000000000008a8
Event: 1.319 Thread 0x0000014fa0aae6b0 Uncommon trap: reason=bimorphic_or_optimized_type_check action=maybe_recompile pc=0x0000014fb28d0268 method=java.util.HashMap.putVal(ILjava/lang/Object;Ljava/lang/Object;ZZ)Ljava/lang/Object; @ 56 c2
Event: 1.319 Thread 0x0000014fa0aae6b0 DEOPT PACKING pc=0x0000014fb28d0268 sp=0x0000003c72cfe4d0
Event: 1.319 Thread 0x0000014fa0aae6b0 DEOPT UNPACKING pc=0x0000014fb2444002 sp=0x0000003c72cfe438 mode 2

Classes loaded (20 events):
Event: 1.456 Loading class java/io/StringWriter
Event: 1.457 Loading class java/io/StringWriter done
Event: 1.459 Loading class java/util/regex/Pattern$GroupTail
Event: 1.459 Loading class java/util/regex/Pattern$GroupTail done
Event: 1.463 Loading class java/util/regex/Pattern$Curly
Event: 1.463 Loading class java/util/regex/Pattern$Curly done
Event: 1.464 Loading class java/util/regex/Pattern$Ques
Event: 1.464 Loading class java/util/regex/Pattern$Ques done
Event: 1.464 Loading class java/util/regex/Pattern$GroupCurly
Event: 1.464 Loading class java/util/regex/Pattern$GroupCurly done
Event: 1.464 Loading class java/util/regex/Pattern$StartS
Event: 1.464 Loading class java/util/regex/Pattern$StartS done
Event: 1.521 Loading class java/nio/file/ReadOnlyFileSystemException
Event: 1.521 Loading class java/nio/file/ReadOnlyFileSystemException done
Event: 1.549 Loading class java/nio/file/ClosedFileSystemException
Event: 1.549 Loading class java/nio/file/ClosedFileSystemException done
Event: 1.557 Loading class java/io/ByteArrayOutputStream
Event: 1.558 Loading class java/io/ByteArrayOutputStream done
Event: 1.578 Loading class java/util/AbstractQueue
Event: 1.578 Loading class java/util/AbstractQueue done

Classes unloaded (0 events):
No events

Classes redefined (0 events):
No events

Internal exceptions (4 events):
Event: 1.303 Thread 0x0000014fa0aae6b0 Exception <a 'java/lang/NoSuchMethodError'{0x00000000c1b889f0}: 'void java.lang.invoke.DirectMethodHandle$Holder.invokeSpecial(java.lang.Object, java.lang.Object, java.lang.Object)'> (0x00000000c1b889f0) 
thrown [s\open\src\hotspot\share\interpreter\linkResolver.cpp, line 805]
Event: 1.412 Thread 0x0000014fa0aae6b0 Exception <a 'java/lang/NoSuchMethodError'{0x00000000c1a14870}: 'int java.lang.invoke.DirectMethodHandle$Holder.invokeVirtual(java.lang.Object, java.lang.Object, java.lang.Object)'> (0x00000000c1a14870) 
thrown [s\open\src\hotspot\share\interpreter\linkResolver.cpp, line 805]
Event: 1.420 Thread 0x0000014fa0aae6b0 Exception <a 'java/lang/NoSuchMethodError'{0x00000000c1a244d0}: 'void java.lang.invoke.DirectMethodHandle$Holder.invokeInterface(java.lang.Object, java.lang.Object, java.lang.Object)'> (0x00000000c1a244d0) 
thrown [s\open\src\hotspot\share\interpreter\linkResolver.cpp, line 805]
Event: 1.442 Thread 0x0000014fa0aae6b0 Exception <a 'java/lang/NoSuchMethodError'{0x00000000c1a4ae18}: 'java.lang.Object java.lang.invoke.DirectMethodHandle$Holder.invokeStaticInit(java.lang.Object)'> (0x00000000c1a4ae18) 
thrown [s\open\src\hotspot\share\interpreter\linkResolver.cpp, line 805]

VM Operations (8 events):
Event: 0.887 Executing VM operation: HandshakeAllThreads (Deoptimize)
Event: 0.888 Executing VM operation: HandshakeAllThreads (Deoptimize) done
Event: 1.315 Executing VM operation: HandshakeAllThreads (Deoptimize)
Event: 1.315 Executing VM operation: HandshakeAllThreads (Deoptimize) done
Event: 1.461 Executing VM operation: HandshakeAllThreads (Deoptimize)
Event: 1.461 Executing VM operation: HandshakeAllThreads (Deoptimize) done
Event: 1.564 Executing VM operation: G1CollectForAllocation (G1 Evacuation Pause)
Event: 1.573 Executing VM operation: G1CollectForAllocation (G1 Evacuation Pause) done

Memory protections (0 events):
No events

Nmethod flushes (0 events):
No events

Events (11 events):
Event: 0.231 Thread 0x0000014fa0aae6b0 Thread added: 0x0000014fa0aae6b0
Event: 0.615 Thread 0x0000014fa0aae6b0 Thread added: 0x0000014fbdd6c4a0
Event: 0.616 Thread 0x0000014fa0aae6b0 Thread added: 0x0000014fbdd82210
Event: 0.621 Thread 0x0000014fa0aae6b0 Thread added: 0x0000014fbdd949f0
Event: 0.621 Thread 0x0000014fa0aae6b0 Thread added: 0x0000014fbdd95cc0
Event: 0.622 Thread 0x0000014fa0aae6b0 Thread added: 0x0000014fbdd8d640
Event: 0.622 Thread 0x0000014fa0aae6b0 Thread added: 0x0000014fbdd8e170
Event: 0.622 Thread 0x0000014fa0aae6b0 Thread added: 0x0000014fbdd90f20
Event: 0.623 Thread 0x0000014fa0aae6b0 Thread added: 0x0000014fbdd91aa0
Event: 0.940 Thread 0x0000014fa0aae6b0 Thread added: 0x0000014fc2184f50
Event: 1.349 Thread 0x0000014fa0aae6b0 Thread added: 0x0000014fc22d2d80


Dynamic libraries:
0x00007ff77aa70000 - 0x00007ff77aa78000 	C:\Program Files\Java\jdk-24\bin\javac.exe
0x00007ff8aa8b0000 - 0x00007ff8aaaa8000 	C:\Windows\SYSTEM32\ntdll.dll
0x00007ff8aa670000 - 0x00007ff8aa732000 	C:\Windows\System32\KERNEL32.DLL
0x00007ff8a8120000 - 0x00007ff8a8417000 	C:\Windows\System32\KERNELBASE.dll
0x00007ff8a8020000 - 0x00007ff8a8120000 	C:\Windows\System32\ucrtbase.dll
0x00007ff8a2ef0000 - 0x00007ff8a2f06000 	C:\Program Files\Java\jdk-24\bin\jli.dll
0x00007ff8a9e90000 - 0x00007ff8aa02d000 	C:\Windows\System32\USER32.dll
0x00007ff897240000 - 0x00007ff8974da000 	C:\Windows\WinSxS\amd64_microsoft.windows.common-controls_6595b64144ccf1df_6.0.19041.5915_none_60b4b9d171f9c7c7\COMCTL32.dll
0x00007ff8a8660000 - 0x00007ff8a8682000 	C:\Windows\System32\win32u.dll
0x00007ff8a2ed0000 - 0x00007ff8a2eeb000 	C:\Program Files\Java\jdk-24\bin\VCRUNTIME140.dll
0x00007ff8a9310000 - 0x00007ff8a933b000 	C:\Windows\System32\GDI32.dll
0x00007ff8a9be0000 - 0x00007ff8a9c7e000 	C:\Windows\System32\msvcrt.dll
0x00007ff8a8730000 - 0x00007ff8a8849000 	C:\Windows\System32\gdi32full.dll
0x00007ff8a8690000 - 0x00007ff8a872d000 	C:\Windows\System32\msvcp_win.dll
0x00007ff8a92e0000 - 0x00007ff8a930f000 	C:\Windows\System32\IMM32.DLL
0x00007ff8a32e0000 - 0x00007ff8a32ec000 	C:\Program Files\Java\jdk-24\bin\vcruntime140_1.dll
0x00007ff885d50000 - 0x00007ff885dde000 	C:\Program Files\Java\jdk-24\bin\msvcp140.dll
0x00007ff83b610000 - 0x00007ff83c3b2000 	C:\Program Files\Java\jdk-24\bin\server\jvm.dll
0x00007ff8a98e0000 - 0x00007ff8a9991000 	C:\Windows\System32\ADVAPI32.dll
0x00007ff8a9d30000 - 0x00007ff8a9dcf000 	C:\Windows\System32\sechost.dll
0x00007ff8aa740000 - 0x00007ff8aa866000 	C:\Windows\System32\RPCRT4.dll
0x00007ff8a8420000 - 0x00007ff8a8447000 	C:\Windows\System32\bcrypt.dll
0x00007ff8aa030000 - 0x00007ff8aa09b000 	C:\Windows\System32\WS2_32.dll
0x00007ff898030000 - 0x00007ff89803a000 	C:\Windows\SYSTEM32\VERSION.dll
0x00007ff8a7da0000 - 0x00007ff8a7deb000 	C:\Windows\SYSTEM32\POWRPROF.dll
0x00007ff896530000 - 0x00007ff896557000 	C:\Windows\SYSTEM32\WINMM.dll
0x00007ff8a7d80000 - 0x00007ff8a7d92000 	C:\Windows\SYSTEM32\UMPDC.dll
0x00007ff8a5ca0000 - 0x00007ff8a5cb2000 	C:\Windows\SYSTEM32\kernel.appcore.dll
0x00007ff8a32a0000 - 0x00007ff8a32aa000 	C:\Program Files\Java\jdk-24\bin\jimage.dll
0x00007ff8a1160000 - 0x00007ff8a1361000 	C:\Windows\SYSTEM32\DBGHELP.DLL
0x00007ff8a1060000 - 0x00007ff8a1094000 	C:\Windows\SYSTEM32\dbgcore.DLL
0x00007ff8a7f40000 - 0x00007ff8a7fc2000 	C:\Windows\System32\bcryptPrimitives.dll
0x00007ff8a2a90000 - 0x00007ff8a2aae000 	C:\Program Files\Java\jdk-24\bin\java.dll
0x00007ff8aa540000 - 0x00007ff8aa66b000 	C:\Windows\System32\ole32.dll
0x00007ff8aa110000 - 0x00007ff8aa463000 	C:\Windows\System32\combase.dll
0x00007ff8a8960000 - 0x00007ff8a90ce000 	C:\Windows\System32\SHELL32.dll
0x00007ff8a5f80000 - 0x00007ff8a6724000 	C:\Windows\SYSTEM32\windows.storage.dll
0x00007ff8a77c0000 - 0x00007ff8a77eb000 	C:\Windows\SYSTEM32\Wldp.dll
0x00007ff8aa470000 - 0x00007ff8aa53d000 	C:\Windows\System32\OLEAUT32.dll
0x00007ff8a9c80000 - 0x00007ff8a9d2d000 	C:\Windows\System32\SHCORE.dll
0x00007ff8a9280000 - 0x00007ff8a92db000 	C:\Windows\System32\shlwapi.dll
0x00007ff8a7e70000 - 0x00007ff8a7e94000 	C:\Windows\SYSTEM32\profapi.dll
0x00007ff8723e0000 - 0x00007ff8724b7000 	C:\Program Files\Java\jdk-24\bin\jsvml.dll
0x00007ff8a3370000 - 0x00007ff8a3380000 	C:\Program Files\Java\jdk-24\bin\net.dll
0x00007ff8a75a0000 - 0x00007ff8a760a000 	C:\Windows\system32\mswsock.dll
0x00007ff8a19f0000 - 0x00007ff8a1a06000 	C:\Program Files\Java\jdk-24\bin\nio.dll

JVMTI agents: none

dbghelp: loaded successfully - version: 4.0.5 - missing functions: none
symbol engine: initialized successfully - sym options: 0x614 - pdb path: .;C:\Program Files\Java\jdk-24\bin;C:\Windows\SYSTEM32;C:\Windows\WinSxS\amd64_microsoft.windows.common-controls_6595b64144ccf1df_6.0.19041.5915_none_60b4b9d171f9c7c7;C:\Program Files\Java\jdk-24\bin\server

VM Arguments:
jvm_args: -Dapplication.home=C:\Program Files\Java\jdk-24 --add-modules=ALL-DEFAULT -Xms8m -Djdk.module.main=jdk.compiler 
java_command: jdk.compiler/com.sun.tools.javac.Main Main09.java
java_class_path (initial): <not set>
Launcher Type: SUN_STANDARD

[Global flags]
     intx CICompilerCount                          = 3                                         {product} {ergonomic}
     uint ConcGCThreads                            = 1                                         {product} {ergonomic}
     uint G1ConcRefinementThreads                  = 4                                         {product} {ergonomic}
   size_t G1HeapRegionSize                         = 1048576                                   {product} {ergonomic}
   size_t InitialHeapSize                          = 8388608                                   {product} {command line}
   size_t MarkStackSize                            = 4194304                                   {product} {ergonomic}
   size_t MarkStackSizeMax                         = 536870912                                 {product} {ergonomic}
   size_t MaxHeapSize                              = 1050673152                                {product} {ergonomic}
   size_t MaxNewSize                               = 630194176                                 {product} {ergonomic}
   size_t MinHeapDeltaBytes                        = 1048576                                   {product} {ergonomic}
   size_t MinHeapSize                              = 8388608                                   {product} {command line}
    uintx NonNMethodCodeHeapSize                   = 5832704                                {pd product} {ergonomic}
    uintx NonProfiledCodeHeapSize                  = 122945536                              {pd product} {ergonomic}
    uintx ProfiledCodeHeapSize                     = 122880000                              {pd product} {ergonomic}
    uintx ReservedCodeCacheSize                    = 251658240                              {pd product} {ergonomic}
     bool SegmentedCodeCache                       = true                                      {product} {ergonomic}
   size_t SoftMaxHeapSize                          = 1050673152                             {manageable} {ergonomic}
     bool UseCompressedOops                        = true                           {product lp64_product} {ergonomic}
     bool UseG1GC                                  = true                                      {product} {ergonomic}
     bool UseLargePagesIndividualAllocation        = false                                  {pd product} {ergonomic}

Logging:
Log output configuration:
 #0: stdout all=warning uptime,level,tags foldmultilines=false
 #1: stderr all=off uptime,level,tags foldmultilines=false

Environment Variables:
PATH=C:\Users\Patrick\AppData\Local\Programs\Python\Python313\Scripts\;C:\Users\Patrick\AppData\Local\Programs\Python\Python313\;C:\Program Files\Common Files\Oracle\Java\javapath;C:\Program Files (x86)\Intel\iCLS Client\;C:\Program Files\Intel\iCLS Client\;C:\Windows\system32;C:\Windows;C:\Windows\System32\Wbem;C:\Windows\System32\WindowsPowerShell\v1.0\;C:\Windows\System32\OpenSSH\;C:\Program Files\dotnet\;C:\Program Files (x86)\Intel\Intel(R) Management Engine Components\DAL;C:\Program Files\Intel\Intel(R) Management Engine Components\DAL;C:\Program Files (x86)\Intel\Intel(R) Management Engine Components\IPT;C:\Program Files\Intel\Intel(R) Management Engine Components\IPT;C:\Program Files\Intel\WiFi\bin\;C:\Program Files\Common Files\Intel\WirelessCommon\;C:\Program Files\Microsoft SQL Server\150\Tools\Binn\;C:\Program Files\Microsoft SQL Server\Client SDK\ODBC\170\Tools\Binn\;C:\Program Files\nodejs\;C:\ProgramData\chocolatey\bin;C:\Users\Patrick\AppData\Local\Programs\Python\Launcher\;C:\msys64\ucrt64\bin;C:\Program Files\Intel\WiFi\bin\;C:\Program Files\Common Files\Intel\WirelessCommon\;C:\Users\Patrick\.dotnet\tools;C:\Users\Patrick\AppData\Local\Programs\Microsoft VS Code\bin;C:\msys64\ucrt64\bin;C:\Program Files\JetBrains\IntelliJ IDEA Community Edition 2025.1.2\bin;;C:\Users\Patrick\AppData\Roaming\npm;C:\Users\Patrick\AppData\Local\GitHubDesktop\bin
USERNAME=Patrick
LANG=en_US.UTF-8
OS=Windows_NT
PROCESSOR_IDENTIFIER=Intel64 Family 6 Model 61 Stepping 4, GenuineIntel
TMP=C:\Users\Patrick\AppData\Local\Temp
TEMP=C:\Users\Patrick\AppData\Local\Temp




Periodic native trim disabled

---------------  S Y S T E M  ---------------

OS:
 Windows 10 , 64 bit Build 19041 (10.0.19041.5915)
OS uptime: 22 days 23:20 hours
Hyper-V role detected

CPU: total 4 (initial active 4) (2 cores per cpu, 2 threads per core) family 6 model 61 stepping 4 microcode 0x2e, cx8, cmov, fxsr, ht, mmx, 3dnowpref, sse, sse2, sse3, ssse3, sse4.1, sse4.2, popcnt, lzcnt, tsc, tscinvbit, avx, avx2, aes, erms, clmul, bmi1, bmi2, adx, fma, vzeroupper, clflush, hv, rdtscp, f16c
Processor Information for the first 4 processors :
  Max Mhz: 2000, Current Mhz: 2000, Mhz Limit: 2000

Memory: 4k page, system-wide physical 4006M (27M free)
TotalPageFile size 16294M (AvailPageFile size 0M)
current process WorkingSet (physical memory assigned to process): 51M, peak: 51M
current process commit charge ("private bytes"): 84M, peak: 85M

vm_info: Java HotSpot(TM) 64-Bit Server VM (24.0.1+9-30) for windows-amd64 JRE (24.0.1+9-30), built on 2025-03-05T07:23:45Z with MS VC++ 17.6 (VS2022)

END.
